TN:
SF:src\components\TaskList\index.tsx
FN:7,(anonymous_0)
FN:10,(anonymous_1)
FN:17,(anonymous_2)
FN:18,(anonymous_3)
FNF:4
FNH:2
FNDA:7,(anonymous_0)
FNDA:0,(anonymous_1)
FNDA:2,(anonymous_2)
FNDA:0,(anonymous_3)
DA:7,3
DA:8,7
DA:10,7
DA:11,0
DA:14,7
DA:18,2
LF:6
LH:5
BRF:0
BRH:0
end_of_record
TN:
SF:src\context\TasksContext.tsx
FN:25,(anonymous_0)
FN:28,(anonymous_1)
FN:29,loadTasks
FN:40,(anonymous_3)
FN:50,(anonymous_4)
FN:51,(anonymous_5)
FN:63,useTaskList
FNF:7
FNH:7
FNDA:12,(anonymous_0)
FNDA:6,(anonymous_1)
FNDA:6,loadTasks
FNDA:3,(anonymous_3)
FNDA:1,(anonymous_4)
FNDA:1,(anonymous_5)
FNDA:7,useTaskList
DA:19,3
DA:21,3
DA:25,3
DA:26,12
DA:28,12
DA:30,6
DA:32,6
DA:33,2
DA:37,6
DA:40,12
DA:41,3
DA:42,3
DA:43,3
DA:44,3
DA:46,0
DA:50,12
DA:51,1
DA:52,1
DA:53,1
DA:56,12
DA:64,7
DA:66,7
DA:67,0
DA:70,7
LF:24
LH:22
BRDA:32,0,0,2
BRDA:32,0,1,4
BRDA:66,1,0,0
BRDA:66,1,1,7
BRF:4
BRH:3
end_of_record
TN:
SF:src\pages\Home\index.tsx
FN:7,(anonymous_0)
FN:11,(anonymous_1)
FNF:2
FNH:2
FNDA:6,(anonymous_0)
FNDA:1,(anonymous_1)
DA:7,2
DA:8,6
DA:9,6
DA:11,6
DA:12,1
DA:16,1
DA:17,1
DA:20,6
LF:8
LH:8
BRDA:14,0,0,1
BRDA:14,0,1,0
BRF:2
BRH:1
end_of_record
